[33mwarn[39m: [object Object]
[33mwarn[39m: [object Object]
[33mwarn[39m: [object Object]
[33mwarn[39m: [object Object]
[33mwarn[39m: [object Object]
[33mwarn[39m: [object Object]
[33mwarn[39m: [object Object]
[33mwarn[39m: [object Object]
[33mwarn[39m: [object Object]
[33mwarn[39m: [object Object]
[31merror[39m: [object Object]
[33mwarn[39m: [object Object]
[33mwarn[39m: [object Object]
[33mwarn[39m: [object Object]
[33mwarn[39m: [object Object]
[33mwarn[39m: [object Object]
[33mwarn[39m: [object Object]
[33mwarn[39m: [object Object]
[33mwarn[39m: [object Object]
[33mwarn[39m: [object Object]
[33mwarn[39m: [object Object]
[33mwarn[39m: [object Object]
[31merror[39m: [object Object]
[31merror[39m: [object Object]
[33mwarn[39m: [object Object]
[33mwarn[39m: [object Object]
[31merror[39m: [object Object]
[31merror[39m: [object Object]
[33mwarn[39m: [object Object]
[33mwarn[39m: [object Object]
[31merror[39m: [object Object]
[31merror[39m: [object Object]
[33mwarn[39m: [object Object]
[33mwarn[39m: [object Object]
[31merror[39m: [object Object]
[31merror[39m: [object Object]
[31merror[39m: [object Object]
[33mwarn[39m: [object Object]
[33mwarn[39m: [object Object]
[31merror[39m: [object Object]
[31merror[39m: [object Object]
[31merror[39m: [object Object]
[33mwarn[39m: [object Object]
[33mwarn[39m: [object Object]
[31merror[39m: [object Object]
[31merror[39m: [object Object]
[33mwarn[39m: [object Object]
[33mwarn[39m: [object Object]
[31merror[39m: [object Object]
[31merror[39m: [object Object]
[33mwarn[39m: [object Object]
[33mwarn[39m: [object Object]
[31merror[39m: [object Object]
[31merror[39m: [object Object]
[33mwarn[39m: [object Object]
[33mwarn[39m: [object Object]
[31merror[39m: [object Object]
[31merror[39m: [object Object]
[33mwarn[39m: [object Object]
[33mwarn[39m: [object Object]
[31merror[39m: [object Object]
[31merror[39m: [object Object]
[33mwarn[39m: [object Object]
[33mwarn[39m: [object Object]
[31merror[39m: [object Object]
[31merror[39m: [object Object]
[33mwarn[39m: [object Object]
[33mwarn[39m: [object Object]
[31merror[39m: [object Object]
[31merror[39m: [object Object]
[33mwarn[39m: [object Object]
[33mwarn[39m: [object Object]
[31merror[39m: [object Object]
[31merror[39m: [object Object]
[33mwarn[39m: [object Object]
[33mwarn[39m: [object Object]
[31merror[39m: [object Object]
[31merror[39m: [object Object]
[33mwarn[39m: [object Object]
[33mwarn[39m: [object Object]
[31merror[39m: [object Object]
[31merror[39m: [object Object]
[33mwarn[39m: [object Object]
[33mwarn[39m: [object Object]
[31merror[39m: [object Object]
[31merror[39m: [object Object]
[33mwarn[39m: [object Object]
[33mwarn[39m: [object Object]
[31merror[39m: [object Object]
[31merror[39m: [object Object]
[33mwarn[39m: [object Object]
[33mwarn[39m: [object Object]
[31merror[39m: [object Object]
[31merror[39m: [object Object]
[33mwarn[39m: [object Object]
[33mwarn[39m: [object Object]
[31merror[39m: [object Object]
[31merror[39m: [object Object]
[33mwarn[39m: [object Object]
[33mwarn[39m: [object Object]
[31merror[39m: [object Object]
[31merror[39m: [object Object]
[33mwarn[39m: [object Object]
[33mwarn[39m: [object Object]
[31merror[39m: [object Object]
[33mwarn[39m: [object Object]
[31merror[39m: [object Object]
[33mwarn[39m: [object Object]
[31merror[39m: [object Object]
[33mwarn[39m: [object Object]
[31merror[39m: [object Object]
[33mwarn[39m: [object Object]
[31merror[39m: [object Object]
[33mwarn[39m: [object Object]
[31merror[39m: [object Object]
[33mwarn[39m: [object Object]
[31merror[39m: [object Object]
[33mwarn[39m: [object Object]
[31merror[39m: [object Object]
[33mwarn[39m: [object Object]
[31merror[39m: [object Object]
[33mwarn[39m: [object Object]
[31merror[39m: [object Object]
[33mwarn[39m: [object Object]
[31merror[39m: [object Object]
[33mwarn[39m: [object Object]
[31merror[39m: [object Object]
[33mwarn[39m: [object Object]
[31merror[39m: [object Object]
[33mwarn[39m: [object Object]
[31merror[39m: [object Object]
[33mwarn[39m: [object Object]
[31merror[39m: [object Object]
[33mwarn[39m: [object Object]
[31merror[39m: [object Object]
[33mwarn[39m: [object Object]
[31merror[39m: [object Object]
[33mwarn[39m: [object Object]
[31merror[39m: [object Object]
[33mwarn[39m: [object Object]
[31merror[39m: [object Object]
[33mwarn[39m: [object Object]
[31merror[39m: [object Object]
[33mwarn[39m: [object Object]
[31merror[39m: [object Object]
[33mwarn[39m: [object Object]
[31merror[39m: [object Object]
[33mwarn[39m: [object Object]
[31merror[39m: [object Object]
[33mwarn[39m: [object Object]
[33mwarn[39m: [object Object]
[31merror[39m: [object Object]
[31merror[39m: [object Object]
[33mwarn[39m: [object Object]
[33mwarn[39m: [object Object]
[31merror[39m: [object Object]
[33mwarn[39m: [object Object]
[31merror[39m: [object Object]
[31merror[39m: [object Object]
[33mwarn[39m: [object Object]
[33mwarn[39m: [object Object]
[31merror[39m: [object Object]
[33mwarn[39m: [object Object]
[31merror[39m: [object Object]
[33mwarn[39m: [object Object]
[31merror[39m: [object Object]
[33mwarn[39m: [object Object]
[31merror[39m: [object Object]
[33mwarn[39m: [object Object]
[33mwarn[39m: [object Object]
[33mwarn[39m: [object Object]
[31merror[39m: [object Object]
[33mwarn[39m: [object Object]
[33mwarn[39m: [object Object]
[31merror[39m: [object Object]
[33mwarn[39m: [object Object]
[31merror[39m: [object Object]
[33mwarn[39m: [object Object]
[33mwarn[39m: [object Object]
[31merror[39m: [object Object]
[33mwarn[39m: [object Object]
[31merror[39m: [object Object]
[33mwarn[39m: [object Object]
[33mwarn[39m: [object Object]
[31merror[39m: [object Object]
[33mwarn[39m: [object Object]
[31merror[39m: [object Object]
[33mwarn[39m: [object Object]
[33mwarn[39m: [object Object]
[31merror[39m: [object Object]
[33mwarn[39m: [object Object]
[31merror[39m: [object Object]
[33mwarn[39m: [object Object]
[33mwarn[39m: [object Object]
[31merror[39m: [object Object]
[33mwarn[39m: [object Object]
[31merror[39m: [object Object]
[33mwarn[39m: [object Object]
[33mwarn[39m: [object Object]
[33mwarn[39m: [object Object]
[31merror[39m: [object Object]
[33mwarn[39m: [object Object]
[33mwarn[39m: [object Object]
[31merror[39m: [object Object]
[33mwarn[39m: [object Object]
[31merror[39m: [object Object]
[33mwarn[39m: [object Object]
[33mwarn[39m: [object Object]
[31merror[39m: [object Object]
[33mwarn[39m: [object Object]
[31merror[39m: [object Object]
[33mwarn[39m: [object Object]
[33mwarn[39m: [object Object]
[31merror[39m: [object Object]
[33mwarn[39m: [object Object]
[31merror[39m: [object Object]
[33mwarn[39m: [object Object]
[33mwarn[39m: [object Object]
[31merror[39m: [object Object]
[33mwarn[39m: [object Object]
[31merror[39m: [object Object]
[33mwarn[39m: [object Object]
[33mwarn[39m: [object Object]
[31merror[39m: [object Object]
[33mwarn[39m: [object Object]
[31merror[39m: [object Object]
[33mwarn[39m: [object Object]
[33mwarn[39m: [object Object]
[31merror[39m: [object Object]
[33mwarn[39m: [object Object]
[31merror[39m: [object Object]
[33mwarn[39m: [object Object]
[33mwarn[39m: [object Object]
[31merror[39m: [object Object]
[33mwarn[39m: [object Object]
[31merror[39m: [object Object]
{"level":"warn","message":{"error":"Ya existe un usuario con ese correo"},"timestamp":"2024-12-07T18:46:48.946Z"}
{"level":"warn","message":{"error":"Ya existe un usuario con ese correo"},"timestamp":"2024-12-07T18:46:49.108Z"}
{"level":"error","message":{"details":{},"error":"Error al agregar el producto"},"timestamp":"2024-12-07T18:46:49.203Z"}
{"level":"warn","message":{"error":"Ya existe un usuario con ese correo"},"timestamp":"2024-12-07T18:46:49.214Z"}
{"level":"error","message":{"details":{},"error":"Error al actualizar el producto"},"timestamp":"2024-12-07T18:46:49.302Z"}
{"level":"warn","message":{"error":"Ya existe un usuario con ese correo"},"timestamp":"2024-12-07T18:59:51.608Z"}
{"level":"warn","message":{"error":"Ya existe un usuario con ese correo"},"timestamp":"2024-12-07T18:59:51.771Z"}
{"level":"error","message":{"details":{"message":"El código ya existe","name":"Error","stack":"Error: El código ya existe\n    at ProductController.addProduct (file:///C:/Users/salba/OneDrive/Escritorio/Proyecto-BackEnd-I/src/controllers/products.controller.js:19:19)\n    at process.processTicksAndRejections (node:internal/process/task_queues:95:5)\n    at async file:///C:/Users/salba/OneDrive/Escritorio/Proyecto-BackEnd-I/src/routes/products.routes.js:39:9"},"error":"Error al agregar el producto"},"timestamp":"2024-12-07T18:59:51.866Z"}
{"level":"warn","message":{"error":"Ya existe un usuario con ese correo"},"timestamp":"2024-12-07T18:59:51.879Z"}
{"level":"error","message":{"details":{"message":"El id debe ser un ObjectId válido","name":"Error","stack":"Error: El id debe ser un ObjectId válido\n    at ProductController.updateProduct (file:///C:/Users/salba/OneDrive/Escritorio/Proyecto-BackEnd-I/src/controllers/products.controller.js:65:19)\n    at file:///C:/Users/salba/OneDrive/Escritorio/Proyecto-BackEnd-I/src/routes/products.routes.js:56:33\n    at Layer.handle [as handle_request] (C:\\Users\\salba\\OneDrive\\Escritorio\\Proyecto-BackEnd-I\\node_modules\\express\\lib\\router\\layer.js:95:5)\n    at next (C:\\Users\\salba\\OneDrive\\Escritorio\\Proyecto-BackEnd-I\\node_modules\\express\\lib\\router\\route.js:149:13)\n    at file:///C:/Users/salba/OneDrive/Escritorio/Proyecto-BackEnd-I/src/middlewares/authorization.middleware.js:17:9\n    at Layer.handle [as handle_request] (C:\\Users\\salba\\OneDrive\\Escritorio\\Proyecto-BackEnd-I\\node_modules\\express\\lib\\router\\layer.js:95:5)\n    at next (C:\\Users\\salba\\OneDrive\\Escritorio\\Proyecto-BackEnd-I\\node_modules\\express\\lib\\router\\route.js:149:13)\n    at complete (C:\\Users\\salba\\OneDrive\\Escritorio\\Proyecto-BackEnd-I\\node_modules\\passport\\lib\\middleware\\authenticate.js:280:13)\n    at C:\\Users\\salba\\OneDrive\\Escritorio\\Proyecto-BackEnd-I\\node_modules\\passport\\lib\\middleware\\authenticate.js:287:15\n    at pass (C:\\Users\\salba\\OneDrive\\Escritorio\\Proyecto-BackEnd-I\\node_modules\\passport\\lib\\authenticator.js:446:14)"},"error":"Error al actualizar el producto"},"timestamp":"2024-12-07T18:59:51.974Z"}
{"level":"warn","message":{"error":"Ya existe un usuario con ese correo"},"timestamp":"2024-12-07T19:07:01.420Z"}
{"level":"warn","message":{"error":"Ya existe un usuario con ese correo"},"timestamp":"2024-12-07T19:07:01.678Z"}
{"level":"error","message":{"details":{"message":"El id debe ser un ObjectId válido","name":"Error","stack":"Error: El id debe ser un ObjectId válido\n    at ProductController.updateProduct (file:///C:/Users/salba/OneDrive/Escritorio/Proyecto-BackEnd-I/src/controllers/products.controller.js:65:19)\n    at file:///C:/Users/salba/OneDrive/Escritorio/Proyecto-BackEnd-I/src/routes/products.routes.js:56:33\n    at Layer.handle [as handle_request] (C:\\Users\\salba\\OneDrive\\Escritorio\\Proyecto-BackEnd-I\\node_modules\\express\\lib\\router\\layer.js:95:5)\n    at next (C:\\Users\\salba\\OneDrive\\Escritorio\\Proyecto-BackEnd-I\\node_modules\\express\\lib\\router\\route.js:149:13)\n    at file:///C:/Users/salba/OneDrive/Escritorio/Proyecto-BackEnd-I/src/middlewares/authorization.middleware.js:17:9\n    at Layer.handle [as handle_request] (C:\\Users\\salba\\OneDrive\\Escritorio\\Proyecto-BackEnd-I\\node_modules\\express\\lib\\router\\layer.js:95:5)\n    at next (C:\\Users\\salba\\OneDrive\\Escritorio\\Proyecto-BackEnd-I\\node_modules\\express\\lib\\router\\route.js:149:13)\n    at complete (C:\\Users\\salba\\OneDrive\\Escritorio\\Proyecto-BackEnd-I\\node_modules\\passport\\lib\\middleware\\authenticate.js:280:13)\n    at C:\\Users\\salba\\OneDrive\\Escritorio\\Proyecto-BackEnd-I\\node_modules\\passport\\lib\\middleware\\authenticate.js:287:15\n    at pass (C:\\Users\\salba\\OneDrive\\Escritorio\\Proyecto-BackEnd-I\\node_modules\\passport\\lib\\authenticator.js:446:14)"},"error":"Error al actualizar el producto"},"timestamp":"2024-12-07T19:07:01.778Z"}
{"level":"warn","message":{"error":"Ya existe un usuario con ese correo"},"timestamp":"2024-12-07T19:07:49.695Z"}
{"level":"warn","message":{"error":"Ya existe un usuario con ese correo"},"timestamp":"2024-12-07T19:07:49.857Z"}
{"level":"warn","message":{"error":"Ya existe un usuario con ese correo"},"timestamp":"2024-12-07T19:07:49.955Z"}
{"level":"error","message":{"details":{"message":"El id debe ser un ObjectId válido","name":"Error","stack":"Error: El id debe ser un ObjectId válido\n    at ProductController.updateProduct (file:///C:/Users/salba/OneDrive/Escritorio/Proyecto-BackEnd-I/src/controllers/products.controller.js:65:19)\n    at file:///C:/Users/salba/OneDrive/Escritorio/Proyecto-BackEnd-I/src/routes/products.routes.js:56:33\n    at Layer.handle [as handle_request] (C:\\Users\\salba\\OneDrive\\Escritorio\\Proyecto-BackEnd-I\\node_modules\\express\\lib\\router\\layer.js:95:5)\n    at next (C:\\Users\\salba\\OneDrive\\Escritorio\\Proyecto-BackEnd-I\\node_modules\\express\\lib\\router\\route.js:149:13)\n    at file:///C:/Users/salba/OneDrive/Escritorio/Proyecto-BackEnd-I/src/middlewares/authorization.middleware.js:17:9\n    at Layer.handle [as handle_request] (C:\\Users\\salba\\OneDrive\\Escritorio\\Proyecto-BackEnd-I\\node_modules\\express\\lib\\router\\layer.js:95:5)\n    at next (C:\\Users\\salba\\OneDrive\\Escritorio\\Proyecto-BackEnd-I\\node_modules\\express\\lib\\router\\route.js:149:13)\n    at complete (C:\\Users\\salba\\OneDrive\\Escritorio\\Proyecto-BackEnd-I\\node_modules\\passport\\lib\\middleware\\authenticate.js:280:13)\n    at C:\\Users\\salba\\OneDrive\\Escritorio\\Proyecto-BackEnd-I\\node_modules\\passport\\lib\\middleware\\authenticate.js:287:15\n    at pass (C:\\Users\\salba\\OneDrive\\Escritorio\\Proyecto-BackEnd-I\\node_modules\\passport\\lib\\authenticator.js:446:14)"},"error":"Error al actualizar el producto"},"timestamp":"2024-12-07T19:07:50.053Z"}
{"level":"warn","message":{"error":"Ya existe un usuario con ese correo"},"timestamp":"2024-12-07T19:08:46.622Z"}
{"level":"warn","message":{"error":"Ya existe un usuario con ese correo"},"timestamp":"2024-12-07T19:08:46.780Z"}
{"level":"warn","message":{"error":"Ya existe un usuario con ese correo"},"timestamp":"2024-12-07T19:08:46.892Z"}
{"level":"error","message":{"details":{"message":"El id debe ser un ObjectId válido","name":"Error","stack":"Error: El id debe ser un ObjectId válido\n    at ProductController.updateProduct (file:///C:/Users/salba/OneDrive/Escritorio/Proyecto-BackEnd-I/src/controllers/products.controller.js:65:19)\n    at file:///C:/Users/salba/OneDrive/Escritorio/Proyecto-BackEnd-I/src/routes/products.routes.js:56:33\n    at Layer.handle [as handle_request] (C:\\Users\\salba\\OneDrive\\Escritorio\\Proyecto-BackEnd-I\\node_modules\\express\\lib\\router\\layer.js:95:5)\n    at next (C:\\Users\\salba\\OneDrive\\Escritorio\\Proyecto-BackEnd-I\\node_modules\\express\\lib\\router\\route.js:149:13)\n    at file:///C:/Users/salba/OneDrive/Escritorio/Proyecto-BackEnd-I/src/middlewares/authorization.middleware.js:17:9\n    at Layer.handle [as handle_request] (C:\\Users\\salba\\OneDrive\\Escritorio\\Proyecto-BackEnd-I\\node_modules\\express\\lib\\router\\layer.js:95:5)\n    at next (C:\\Users\\salba\\OneDrive\\Escritorio\\Proyecto-BackEnd-I\\node_modules\\express\\lib\\router\\route.js:149:13)\n    at complete (C:\\Users\\salba\\OneDrive\\Escritorio\\Proyecto-BackEnd-I\\node_modules\\passport\\lib\\middleware\\authenticate.js:280:13)\n    at C:\\Users\\salba\\OneDrive\\Escritorio\\Proyecto-BackEnd-I\\node_modules\\passport\\lib\\middleware\\authenticate.js:287:15\n    at pass (C:\\Users\\salba\\OneDrive\\Escritorio\\Proyecto-BackEnd-I\\node_modules\\passport\\lib\\authenticator.js:446:14)"},"error":"Error al actualizar el producto"},"timestamp":"2024-12-07T19:08:46.988Z"}
{"level":"warn","message":{"error":"Ya existe un usuario con ese correo"},"timestamp":"2024-12-07T19:09:06.886Z"}
{"level":"warn","message":{"error":"Ya existe un usuario con ese correo"},"timestamp":"2024-12-07T19:09:07.018Z"}
{"level":"error","message":{"details":{"message":"El código ya existe","name":"Error","stack":"Error: El código ya existe\n    at ProductController.addProduct (file:///C:/Users/salba/OneDrive/Escritorio/Proyecto-BackEnd-I/src/controllers/products.controller.js:19:19)\n    at process.processTicksAndRejections (node:internal/process/task_queues:95:5)\n    at async file:///C:/Users/salba/OneDrive/Escritorio/Proyecto-BackEnd-I/src/routes/products.routes.js:39:9"},"error":"Error al agregar el producto"},"timestamp":"2024-12-07T19:09:07.114Z"}
{"level":"warn","message":{"error":"Ya existe un usuario con ese correo"},"timestamp":"2024-12-07T19:09:07.126Z"}
{"level":"error","message":{"details":{"message":"El id debe ser un ObjectId válido","name":"Error","stack":"Error: El id debe ser un ObjectId válido\n    at ProductController.updateProduct (file:///C:/Users/salba/OneDrive/Escritorio/Proyecto-BackEnd-I/src/controllers/products.controller.js:65:19)\n    at file:///C:/Users/salba/OneDrive/Escritorio/Proyecto-BackEnd-I/src/routes/products.routes.js:56:33\n    at Layer.handle [as handle_request] (C:\\Users\\salba\\OneDrive\\Escritorio\\Proyecto-BackEnd-I\\node_modules\\express\\lib\\router\\layer.js:95:5)\n    at next (C:\\Users\\salba\\OneDrive\\Escritorio\\Proyecto-BackEnd-I\\node_modules\\express\\lib\\router\\route.js:149:13)\n    at file:///C:/Users/salba/OneDrive/Escritorio/Proyecto-BackEnd-I/src/middlewares/authorization.middleware.js:17:9\n    at Layer.handle [as handle_request] (C:\\Users\\salba\\OneDrive\\Escritorio\\Proyecto-BackEnd-I\\node_modules\\express\\lib\\router\\layer.js:95:5)\n    at next (C:\\Users\\salba\\OneDrive\\Escritorio\\Proyecto-BackEnd-I\\node_modules\\express\\lib\\router\\route.js:149:13)\n    at complete (C:\\Users\\salba\\OneDrive\\Escritorio\\Proyecto-BackEnd-I\\node_modules\\passport\\lib\\middleware\\authenticate.js:280:13)\n    at C:\\Users\\salba\\OneDrive\\Escritorio\\Proyecto-BackEnd-I\\node_modules\\passport\\lib\\middleware\\authenticate.js:287:15\n    at pass (C:\\Users\\salba\\OneDrive\\Escritorio\\Proyecto-BackEnd-I\\node_modules\\passport\\lib\\authenticator.js:446:14)"},"error":"Error al actualizar el producto"},"timestamp":"2024-12-07T19:09:07.223Z"}
{"level":"warn","message":{"error":"Ya existe un usuario con ese correo"},"timestamp":"2024-12-07T19:12:04.893Z"}
{"level":"warn","message":{"error":"Ya existe un usuario con ese correo"},"timestamp":"2024-12-07T19:12:05.053Z"}
{"level":"error","message":{"details":{"message":"El código ya existe","name":"Error","stack":"Error: El código ya existe\n    at ProductController.addProduct (file:///C:/Users/salba/OneDrive/Escritorio/Proyecto-BackEnd-I/src/controllers/products.controller.js:19:19)\n    at process.processTicksAndRejections (node:internal/process/task_queues:95:5)\n    at async file:///C:/Users/salba/OneDrive/Escritorio/Proyecto-BackEnd-I/src/routes/products.routes.js:39:9"},"error":"Error al agregar el producto"},"timestamp":"2024-12-07T19:12:05.165Z"}
{"level":"warn","message":{"error":"Ya existe un usuario con ese correo"},"timestamp":"2024-12-07T19:12:05.177Z"}
{"level":"error","message":{"details":{"message":"El id debe ser un ObjectId válido","name":"Error","stack":"Error: El id debe ser un ObjectId válido\n    at ProductController.updateProduct (file:///C:/Users/salba/OneDrive/Escritorio/Proyecto-BackEnd-I/src/controllers/products.controller.js:65:19)\n    at file:///C:/Users/salba/OneDrive/Escritorio/Proyecto-BackEnd-I/src/routes/products.routes.js:56:33\n    at Layer.handle [as handle_request] (C:\\Users\\salba\\OneDrive\\Escritorio\\Proyecto-BackEnd-I\\node_modules\\express\\lib\\router\\layer.js:95:5)\n    at next (C:\\Users\\salba\\OneDrive\\Escritorio\\Proyecto-BackEnd-I\\node_modules\\express\\lib\\router\\route.js:149:13)\n    at file:///C:/Users/salba/OneDrive/Escritorio/Proyecto-BackEnd-I/src/middlewares/authorization.middleware.js:17:9\n    at Layer.handle [as handle_request] (C:\\Users\\salba\\OneDrive\\Escritorio\\Proyecto-BackEnd-I\\node_modules\\express\\lib\\router\\layer.js:95:5)\n    at next (C:\\Users\\salba\\OneDrive\\Escritorio\\Proyecto-BackEnd-I\\node_modules\\express\\lib\\router\\route.js:149:13)\n    at complete (C:\\Users\\salba\\OneDrive\\Escritorio\\Proyecto-BackEnd-I\\node_modules\\passport\\lib\\middleware\\authenticate.js:280:13)\n    at C:\\Users\\salba\\OneDrive\\Escritorio\\Proyecto-BackEnd-I\\node_modules\\passport\\lib\\middleware\\authenticate.js:287:15\n    at pass (C:\\Users\\salba\\OneDrive\\Escritorio\\Proyecto-BackEnd-I\\node_modules\\passport\\lib\\authenticator.js:446:14)"},"error":"Error al actualizar el producto"},"timestamp":"2024-12-07T19:12:05.274Z"}
{"level":"warn","message":{"error":"Ya existe un usuario con ese correo"},"timestamp":"2024-12-07T19:12:34.630Z"}
{"level":"warn","message":{"error":"Ya existe un usuario con ese correo"},"timestamp":"2024-12-07T19:12:34.763Z"}
{"level":"warn","message":{"error":"Ya existe un usuario con ese correo"},"timestamp":"2024-12-07T19:12:34.872Z"}
{"level":"error","message":{"details":{"message":"El id debe ser un ObjectId válido","name":"Error","stack":"Error: El id debe ser un ObjectId válido\n    at ProductController.updateProduct (file:///C:/Users/salba/OneDrive/Escritorio/Proyecto-BackEnd-I/src/controllers/products.controller.js:65:19)\n    at file:///C:/Users/salba/OneDrive/Escritorio/Proyecto-BackEnd-I/src/routes/products.routes.js:56:33\n    at Layer.handle [as handle_request] (C:\\Users\\salba\\OneDrive\\Escritorio\\Proyecto-BackEnd-I\\node_modules\\express\\lib\\router\\layer.js:95:5)\n    at next (C:\\Users\\salba\\OneDrive\\Escritorio\\Proyecto-BackEnd-I\\node_modules\\express\\lib\\router\\route.js:149:13)\n    at file:///C:/Users/salba/OneDrive/Escritorio/Proyecto-BackEnd-I/src/middlewares/authorization.middleware.js:17:9\n    at Layer.handle [as handle_request] (C:\\Users\\salba\\OneDrive\\Escritorio\\Proyecto-BackEnd-I\\node_modules\\express\\lib\\router\\layer.js:95:5)\n    at next (C:\\Users\\salba\\OneDrive\\Escritorio\\Proyecto-BackEnd-I\\node_modules\\express\\lib\\router\\route.js:149:13)\n    at complete (C:\\Users\\salba\\OneDrive\\Escritorio\\Proyecto-BackEnd-I\\node_modules\\passport\\lib\\middleware\\authenticate.js:280:13)\n    at C:\\Users\\salba\\OneDrive\\Escritorio\\Proyecto-BackEnd-I\\node_modules\\passport\\lib\\middleware\\authenticate.js:287:15\n    at pass (C:\\Users\\salba\\OneDrive\\Escritorio\\Proyecto-BackEnd-I\\node_modules\\passport\\lib\\authenticator.js:446:14)"},"error":"Error al actualizar el producto"},"timestamp":"2024-12-07T19:12:34.965Z"}
{"level":"warn","message":{"error":"Ya existe un usuario con ese correo"},"timestamp":"2024-12-07T19:13:33.245Z"}
{"level":"warn","message":{"error":"Ya existe un usuario con ese correo"},"timestamp":"2024-12-07T19:13:33.379Z"}
{"level":"warn","message":{"error":"Ya existe un usuario con ese correo"},"timestamp":"2024-12-07T19:13:33.482Z"}
{"level":"error","message":{"details":{"message":"El id debe ser un ObjectId válido","name":"Error","stack":"Error: El id debe ser un ObjectId válido\n    at ProductController.updateProduct (file:///C:/Users/salba/OneDrive/Escritorio/Proyecto-BackEnd-I/src/controllers/products.controller.js:65:19)\n    at file:///C:/Users/salba/OneDrive/Escritorio/Proyecto-BackEnd-I/src/routes/products.routes.js:56:33\n    at Layer.handle [as handle_request] (C:\\Users\\salba\\OneDrive\\Escritorio\\Proyecto-BackEnd-I\\node_modules\\express\\lib\\router\\layer.js:95:5)\n    at next (C:\\Users\\salba\\OneDrive\\Escritorio\\Proyecto-BackEnd-I\\node_modules\\express\\lib\\router\\route.js:149:13)\n    at file:///C:/Users/salba/OneDrive/Escritorio/Proyecto-BackEnd-I/src/middlewares/authorization.middleware.js:17:9\n    at Layer.handle [as handle_request] (C:\\Users\\salba\\OneDrive\\Escritorio\\Proyecto-BackEnd-I\\node_modules\\express\\lib\\router\\layer.js:95:5)\n    at next (C:\\Users\\salba\\OneDrive\\Escritorio\\Proyecto-BackEnd-I\\node_modules\\express\\lib\\router\\route.js:149:13)\n    at complete (C:\\Users\\salba\\OneDrive\\Escritorio\\Proyecto-BackEnd-I\\node_modules\\passport\\lib\\middleware\\authenticate.js:280:13)\n    at C:\\Users\\salba\\OneDrive\\Escritorio\\Proyecto-BackEnd-I\\node_modules\\passport\\lib\\middleware\\authenticate.js:287:15\n    at pass (C:\\Users\\salba\\OneDrive\\Escritorio\\Proyecto-BackEnd-I\\node_modules\\passport\\lib\\authenticator.js:446:14)"},"error":"Error al actualizar el producto"},"timestamp":"2024-12-07T19:13:33.574Z"}
{"level":"warn","message":{"error":"Ya existe un usuario con ese correo"},"timestamp":"2024-12-07T19:21:26.325Z"}
{"level":"warn","message":{"error":"Ya existe un usuario con ese correo"},"timestamp":"2024-12-07T19:21:26.488Z"}
{"level":"error","message":{"details":{"message":"El código ya existe","name":"Error","stack":"Error: El código ya existe\n    at ProductController.addProduct (file:///C:/Users/salba/OneDrive/Escritorio/Proyecto-BackEnd-I/src/controllers/products.controller.js:19:19)\n    at process.processTicksAndRejections (node:internal/process/task_queues:95:5)\n    at async file:///C:/Users/salba/OneDrive/Escritorio/Proyecto-BackEnd-I/src/routes/products.routes.js:39:9"},"error":"Error al agregar el producto"},"timestamp":"2024-12-07T19:21:26.591Z"}
{"level":"warn","message":{"error":"Ya existe un usuario con ese correo"},"timestamp":"2024-12-07T19:21:26.604Z"}
{"level":"error","message":{"details":{"message":"El id debe ser un ObjectId válido","name":"Error","stack":"Error: El id debe ser un ObjectId válido\n    at ProductController.updateProduct (file:///C:/Users/salba/OneDrive/Escritorio/Proyecto-BackEnd-I/src/controllers/products.controller.js:65:19)\n    at file:///C:/Users/salba/OneDrive/Escritorio/Proyecto-BackEnd-I/src/routes/products.routes.js:56:33\n    at Layer.handle [as handle_request] (C:\\Users\\salba\\OneDrive\\Escritorio\\Proyecto-BackEnd-I\\node_modules\\express\\lib\\router\\layer.js:95:5)\n    at next (C:\\Users\\salba\\OneDrive\\Escritorio\\Proyecto-BackEnd-I\\node_modules\\express\\lib\\router\\route.js:149:13)\n    at file:///C:/Users/salba/OneDrive/Escritorio/Proyecto-BackEnd-I/src/middlewares/authorization.middleware.js:17:9\n    at Layer.handle [as handle_request] (C:\\Users\\salba\\OneDrive\\Escritorio\\Proyecto-BackEnd-I\\node_modules\\express\\lib\\router\\layer.js:95:5)\n    at next (C:\\Users\\salba\\OneDrive\\Escritorio\\Proyecto-BackEnd-I\\node_modules\\express\\lib\\router\\route.js:149:13)\n    at complete (C:\\Users\\salba\\OneDrive\\Escritorio\\Proyecto-BackEnd-I\\node_modules\\passport\\lib\\middleware\\authenticate.js:280:13)\n    at C:\\Users\\salba\\OneDrive\\Escritorio\\Proyecto-BackEnd-I\\node_modules\\passport\\lib\\middleware\\authenticate.js:287:15\n    at pass (C:\\Users\\salba\\OneDrive\\Escritorio\\Proyecto-BackEnd-I\\node_modules\\passport\\lib\\authenticator.js:446:14)"},"error":"Error al actualizar el producto"},"timestamp":"2024-12-07T19:21:26.703Z"}
{"level":"warn","message":{"error":"Ya existe un usuario con ese correo"},"timestamp":"2024-12-07T19:23:34.785Z"}
{"level":"warn","message":{"error":"Ya existe un usuario con ese correo"},"timestamp":"2024-12-07T19:23:34.933Z"}
{"level":"error","message":{"details":{"message":"El código ya existe","name":"Error","stack":"Error: El código ya existe\n    at ProductController.addProduct (file:///C:/Users/salba/OneDrive/Escritorio/Proyecto-BackEnd-I/src/controllers/products.controller.js:19:19)\n    at process.processTicksAndRejections (node:internal/process/task_queues:95:5)\n    at async file:///C:/Users/salba/OneDrive/Escritorio/Proyecto-BackEnd-I/src/routes/products.routes.js:39:9"},"error":"Error al agregar el producto"},"timestamp":"2024-12-07T19:23:35.036Z"}
{"level":"warn","message":{"error":"Ya existe un usuario con ese correo"},"timestamp":"2024-12-07T19:23:35.049Z"}
{"level":"error","message":{"details":{"message":"El id debe ser un ObjectId válido","name":"Error","stack":"Error: El id debe ser un ObjectId válido\n    at ProductController.updateProduct (file:///C:/Users/salba/OneDrive/Escritorio/Proyecto-BackEnd-I/src/controllers/products.controller.js:65:19)\n    at file:///C:/Users/salba/OneDrive/Escritorio/Proyecto-BackEnd-I/src/routes/products.routes.js:56:33\n    at Layer.handle [as handle_request] (C:\\Users\\salba\\OneDrive\\Escritorio\\Proyecto-BackEnd-I\\node_modules\\express\\lib\\router\\layer.js:95:5)\n    at next (C:\\Users\\salba\\OneDrive\\Escritorio\\Proyecto-BackEnd-I\\node_modules\\express\\lib\\router\\route.js:149:13)\n    at file:///C:/Users/salba/OneDrive/Escritorio/Proyecto-BackEnd-I/src/middlewares/authorization.middleware.js:17:9\n    at Layer.handle [as handle_request] (C:\\Users\\salba\\OneDrive\\Escritorio\\Proyecto-BackEnd-I\\node_modules\\express\\lib\\router\\layer.js:95:5)\n    at next (C:\\Users\\salba\\OneDrive\\Escritorio\\Proyecto-BackEnd-I\\node_modules\\express\\lib\\router\\route.js:149:13)\n    at complete (C:\\Users\\salba\\OneDrive\\Escritorio\\Proyecto-BackEnd-I\\node_modules\\passport\\lib\\middleware\\authenticate.js:280:13)\n    at C:\\Users\\salba\\OneDrive\\Escritorio\\Proyecto-BackEnd-I\\node_modules\\passport\\lib\\middleware\\authenticate.js:287:15\n    at pass (C:\\Users\\salba\\OneDrive\\Escritorio\\Proyecto-BackEnd-I\\node_modules\\passport\\lib\\authenticator.js:446:14)"},"error":"Error al actualizar el producto"},"timestamp":"2024-12-07T19:23:35.149Z"}
{"level":"error","message":{"details":"mongoose is not defined","error":"Error en el hook before"},"timestamp":"2024-12-07T20:29:16.873Z"}
{"level":"warn","message":{"error":"Ya existe un usuario con ese correo"},"timestamp":"2024-12-07T20:29:56.828Z"}
{"level":"warn","message":{"error":"No tienes permisos para realizar esta acción"},"timestamp":"2024-12-07T20:29:56.939Z"}
{"level":"warn","message":{"error":"Ya existe un usuario con ese correo"},"timestamp":"2024-12-07T20:34:50.174Z"}
{"level":"warn","message":{"error":"Ya existe un usuario con ese correo"},"timestamp":"2024-12-07T20:38:27.084Z"}
{"level":"warn","message":{"error":"Ya existe un usuario con ese correo"},"timestamp":"2024-12-07T20:40:44.331Z"}
{"level":"warn","message":{"error":"Ya existe un usuario con ese correo"},"timestamp":"2024-12-07T20:43:51.869Z"}
{"level":"warn","message":{"error":"Ya existe un usuario con ese correo"},"timestamp":"2024-12-07T20:45:49.433Z"}
{"level":"warn","message":{"error":"Ya existe un usuario con ese correo"},"timestamp":"2024-12-07T20:51:30.970Z"}
{"level":"warn","message":{"error":"Ya existe un usuario con ese correo"},"timestamp":"2024-12-07T20:56:35.628Z"}
{"level":"warn","message":{"error":"No tienes permisos para realizar esta acción"},"timestamp":"2024-12-07T20:56:35.739Z"}
{"level":"warn","message":{"error":"Ya existe un usuario con ese correo"},"timestamp":"2024-12-07T21:00:31.470Z"}
{"level":"warn","message":{"error":"No tienes permisos para realizar esta acción"},"timestamp":"2024-12-07T21:00:31.582Z"}
{"level":"warn","message":{"error":"Ya existe un usuario con ese correo"},"timestamp":"2024-12-07T21:03:28.858Z"}
{"level":"error","message":{"details":{"message":"El código ya existe","name":"Error","stack":"Error: El código ya existe\n    at ProductController.addProduct (file:///C:/Users/salba/OneDrive/Escritorio/Proyecto-BackEnd-I/src/controllers/products.controller.js:19:19)\n    at process.processTicksAndRejections (node:internal/process/task_queues:95:5)\n    at async file:///C:/Users/salba/OneDrive/Escritorio/Proyecto-BackEnd-I/src/routes/products.routes.js:39:9"},"error":"Error al agregar el producto"},"timestamp":"2024-12-07T21:03:28.975Z"}
{"level":"warn","message":{"error":"Ya existe un usuario con ese correo"},"timestamp":"2024-12-07T21:08:40.058Z"}
{"level":"warn","message":{"error":"Ya existe un usuario con ese correo"},"timestamp":"2024-12-07T21:11:50.023Z"}
{"level":"warn","message":{"error":"Ya existe un usuario con ese correo"},"timestamp":"2024-12-07T21:20:03.591Z"}
{"level":"warn","message":{"error":"Ya existe un usuario con ese correo"},"timestamp":"2024-12-07T21:21:14.061Z"}
{"level":"error","message":{"details":{"message":"El código ya existe","name":"Error","stack":"Error: El código ya existe\n    at ProductController.addProduct (file:///C:/Users/salba/OneDrive/Escritorio/Proyecto-BackEnd-I/src/controllers/products.controller.js:19:19)\n    at process.processTicksAndRejections (node:internal/process/task_queues:95:5)\n    at async file:///C:/Users/salba/OneDrive/Escritorio/Proyecto-BackEnd-I/src/routes/products.routes.js:39:25"},"error":"Error al agregar el producto"},"timestamp":"2024-12-07T21:21:14.179Z"}
{"level":"warn","message":{"error":"Ya existe un usuario con ese correo"},"timestamp":"2024-12-07T21:21:57.120Z"}
{"level":"warn","message":{"error":"Ya existe un usuario con ese correo"},"timestamp":"2024-12-07T21:22:38.996Z"}
{"level":"warn","message":{"error":"Ya existe un usuario con ese correo"},"timestamp":"2024-12-07T22:40:52.553Z"}
{"level":"warn","message":{"error":"Ya existe un usuario con ese correo"},"timestamp":"2024-12-07T22:41:22.261Z"}
{"level":"warn","message":{"error":"Ya existe un usuario con ese correo"},"timestamp":"2024-12-07T22:47:13.893Z"}
{"level":"warn","message":{"error":"Ya existe un usuario con ese correo"},"timestamp":"2024-12-07T22:47:51.004Z"}
{"level":"warn","message":{"error":"Ya existe un usuario con ese correo"},"timestamp":"2024-12-09T01:46:11.409Z"}
{"level":"warn","message":{"error":"Ya existe un usuario con ese correo"},"timestamp":"2024-12-09T03:04:58.465Z"}
{"level":"error","message":{"details":"Cannot read properties of undefined (reading '0')","error":"Error en el hook before"},"timestamp":"2024-12-09T03:04:58.588Z"}
{"level":"error","message":{"details":"Cannot read properties of undefined (reading 'map')","error":"Error al actualizar el carrito"},"timestamp":"2024-12-09T03:04:58.633Z"}
{"level":"warn","message":{"error":"Ya existe un usuario con ese correo"},"timestamp":"2024-12-09T03:10:23.991Z"}
{"level":"error","message":{"details":"Cannot read properties of undefined (reading '0')","error":"Error en el hook before"},"timestamp":"2024-12-09T03:10:24.104Z"}
{"level":"error","message":{"details":"Cannot read properties of undefined (reading 'map')","error":"Error al actualizar el carrito"},"timestamp":"2024-12-09T03:10:24.155Z"}
{"level":"warn","message":{"error":"Ya existe un usuario con ese correo"},"timestamp":"2024-12-09T03:11:30.721Z"}
{"level":"error","message":{"details":"Cannot read properties of undefined (reading '0')","error":"Error en el hook before"},"timestamp":"2024-12-09T03:11:30.832Z"}
{"level":"error","message":{"details":"Cannot read properties of undefined (reading 'map')","error":"Error al actualizar el carrito"},"timestamp":"2024-12-09T03:11:30.884Z"}
{"level":"warn","message":{"error":"Ya existe un usuario con ese correo"},"timestamp":"2024-12-09T03:25:49.715Z"}
{"level":"error","message":{"details":"expected undefined to be an array","error":"Error en el hook before"},"timestamp":"2024-12-09T03:25:49.823Z"}
{"level":"error","message":{"details":"Cart validation failed: products.0.productId: Cast to ObjectId failed for value \"\" (type string) at path \"productId\" because of \"BSONError\"","error":"Error al actualizar el carrito"},"timestamp":"2024-12-09T03:25:49.871Z"}
{"level":"warn","message":{"error":"Ya existe un usuario con ese correo"},"timestamp":"2024-12-09T03:27:36.500Z"}
{"level":"warn","message":{"error":"Ya existe un usuario con ese correo"},"timestamp":"2024-12-09T03:30:26.943Z"}
{"level":"error","message":{"details":"expected undefined to be an array","error":"Error en el hook before"},"timestamp":"2024-12-09T03:30:27.054Z"}
{"cartId":"675664533af31f94a3fe8b06","details":"Cart validation failed: products.0.productId: Cast to ObjectId failed for value \"\" (type string) at path \"productId\" because of \"BSONError\"","level":"error","message":"Error al actualizar el carrito","productsReceived":[{"productId":"","quantity":2}],"timestamp":"2024-12-09T03:30:27.108Z"}
{"level":"warn","message":{"error":"Ya existe un usuario con ese correo"},"timestamp":"2024-12-09T03:31:28.529Z"}
{"level":"error","message":{"details":"expected undefined to be an array","error":"Error en el hook before"},"timestamp":"2024-12-09T03:31:28.636Z"}
{"cartId":"675664901c1383052ad00a0d","details":"Cart validation failed: products.0.productId: Cast to ObjectId failed for value \"\" (type string) at path \"productId\" because of \"BSONError\"","level":"error","message":"Error al actualizar el carrito","productsReceived":[{"productId":"","quantity":2}],"timestamp":"2024-12-09T03:31:28.686Z"}
{"level":"warn","message":{"error":"Ya existe un usuario con ese correo"},"timestamp":"2024-12-09T03:32:39.327Z"}
{"level":"error","message":{"details":"expected undefined to be an array","error":"Error en el hook before"},"timestamp":"2024-12-09T03:32:39.440Z"}
{"cartId":"675664d7766ed56b1866d0a2","details":"Cart validation failed: products.0.productId: Cast to ObjectId failed for value \"\" (type string) at path \"productId\" because of \"BSONError\"","level":"error","message":"Error al actualizar el carrito","productsReceived":[{"productId":"","quantity":2}],"timestamp":"2024-12-09T03:32:39.491Z"}
{"level":"warn","message":{"error":"Ya existe un usuario con ese correo"},"timestamp":"2024-12-09T03:39:58.123Z"}
{"level":"error","message":{"details":"expected undefined to be an array","error":"Error en el hook before"},"timestamp":"2024-12-09T03:39:58.237Z"}
{"level":"warn","message":{"error":"Ya existe un usuario con ese correo"},"timestamp":"2024-12-09T03:41:34.696Z"}
{"level":"error","message":{"details":"expected undefined to be an array","error":"Error en el hook before"},"timestamp":"2024-12-09T03:41:34.813Z"}
{"level":"warn","message":{"error":"Ya existe un usuario con ese correo"},"timestamp":"2024-12-09T03:43:10.377Z"}
{"level":"error","message":{"details":"(intermediate value).set is not a function","error":"Error en el hook before"},"timestamp":"2024-12-09T03:43:10.691Z"}
{"level":"warn","message":{"error":"Ya existe un usuario con ese correo"},"timestamp":"2024-12-09T03:47:14.654Z"}
{"level":"warn","message":{"error":"Ya existe un usuario con ese correo"},"timestamp":"2024-12-09T03:47:14.794Z"}
{"level":"warn","message":{"error":"Ya existe un usuario con ese correo"},"timestamp":"2024-12-09T03:47:28.972Z"}
{"level":"warn","message":{"error":"Ya existe un usuario con ese correo"},"timestamp":"2024-12-09T03:47:29.078Z"}
{"level":"warn","message":{"error":"Ya existe un usuario con ese correo"},"timestamp":"2024-12-09T03:57:27.235Z"}
{"level":"warn","message":{"error":"Ya existe un usuario con ese correo"},"timestamp":"2024-12-09T03:57:27.372Z"}
{"level":"warn","message":{"error":"Ya existe un usuario con ese correo"},"timestamp":"2024-12-09T04:00:02.168Z"}
{"level":"warn","message":{"error":"Ya existe un usuario con ese correo"},"timestamp":"2024-12-09T04:00:02.303Z"}
{"level":"warn","message":{"error":"Ya existe un usuario con ese correo"},"timestamp":"2024-12-09T04:00:43.970Z"}
{"level":"warn","message":{"error":"Ya existe un usuario con ese correo"},"timestamp":"2024-12-09T04:00:44.105Z"}
{"level":"warn","message":{"error":"Ya existe un usuario con ese correo"},"timestamp":"2024-12-09T04:03:01.022Z"}
{"level":"warn","message":{"error":"Ya existe un usuario con ese correo"},"timestamp":"2024-12-09T04:03:01.157Z"}
{"level":"warn","message":{"error":"Ya existe un usuario con ese correo"},"timestamp":"2024-12-09T04:06:27.530Z"}
{"level":"warn","message":{"error":"Ya existe un usuario con ese correo"},"timestamp":"2024-12-09T04:06:27.671Z"}
{"level":"warn","message":{"error":"Ya existe un usuario con ese correo"},"timestamp":"2024-12-09T04:11:23.723Z"}
{"level":"warn","message":{"error":"Ya existe un usuario con ese correo"},"timestamp":"2024-12-09T04:11:23.853Z"}
{"level":"warn","message":{"error":"Ya existe un usuario con ese correo"},"timestamp":"2024-12-09T04:12:39.589Z"}
{"level":"warn","message":{"error":"Ya existe un usuario con ese correo"},"timestamp":"2024-12-09T04:12:39.722Z"}
{"level":"warn","message":{"error":"Ya existe un usuario con ese correo"},"timestamp":"2024-12-09T04:24:58.530Z"}
{"level":"warn","message":{"error":"Ya existe un usuario con ese correo"},"timestamp":"2024-12-09T04:24:58.663Z"}
{"level":"warn","message":{"error":"Ya existe un usuario con ese correo"},"timestamp":"2024-12-09T04:27:26.674Z"}
{"level":"warn","message":{"error":"Ya existe un usuario con ese correo"},"timestamp":"2024-12-09T04:27:26.805Z"}
{"level":"warn","message":{"error":"Ya existe un usuario con ese correo"},"timestamp":"2024-12-09T04:28:34.807Z"}
{"level":"warn","message":{"error":"Ya existe un usuario con ese correo"},"timestamp":"2024-12-09T04:28:34.946Z"}
{"level":"error","message":{"details":"cart.save is not a function","error":"Error al realizar la compra"},"timestamp":"2024-12-09T04:28:35.189Z"}
{"level":"warn","message":{"error":"Ya existe un usuario con ese correo"},"timestamp":"2024-12-09T04:33:19.582Z"}
{"level":"warn","message":{"error":"Ya existe un usuario con ese correo"},"timestamp":"2024-12-09T04:33:19.718Z"}
{"level":"error","message":{"details":"cart.updateOne is not a function","error":"Error al realizar la compra"},"timestamp":"2024-12-09T04:33:19.960Z"}
{"level":"warn","message":{"error":"Ya existe un usuario con ese correo"},"timestamp":"2024-12-09T04:34:45.564Z"}
{"level":"warn","message":{"error":"Ya existe un usuario con ese correo"},"timestamp":"2024-12-09T04:34:45.708Z"}
{"level":"warn","message":{"error":"Ya existe un usuario con ese correo"},"timestamp":"2024-12-09T04:35:06.894Z"}
{"level":"warn","message":{"error":"Ya existe un usuario con ese correo"},"timestamp":"2024-12-09T04:35:07.026Z"}
{"level":"error","message":{"details":"Operation `productos.countDocuments()` buffering timed out after 10000ms","error":"Error al obtener los productos"},"timestamp":"2024-12-09T16:03:11.594Z"}
{"level":"error","message":"Error al conectar con la base de datos: getaddrinfo ENOTFOUND mongo","reason":{"commonWireVersion":0,"compatible":true,"heartbeatFrequencyMS":10000,"localThresholdMS":15,"logicalSessionTimeoutMinutes":null,"maxElectionId":null,"maxSetVersion":null,"servers":{"mongo:27017":{"$clusterTime":null,"address":"mongo:27017","arbiters":[],"electionId":null,"error":{},"hosts":[],"lastUpdateTime":54121187,"lastWriteDate":0,"logicalSessionTimeoutMinutes":null,"maxBsonObjectSize":null,"maxMessageSizeBytes":null,"maxWireVersion":0,"maxWriteBatchSize":null,"me":null,"minRoundTripTime":0,"minWireVersion":0,"passives":[],"primary":null,"roundTripTime":-1,"setName":null,"setVersion":null,"tags":{},"topologyVersion":null,"type":"Unknown"}},"setName":null,"stale":false,"type":"Unknown"},"stack":"MongooseServerSelectionError: getaddrinfo ENOTFOUND mongo\n    at _handleConnectionErrors (C:\\Users\\salba\\OneDrive\\Escritorio\\Proyecto-BackEnd-I\\node_modules\\mongoose\\lib\\connection.js:909:11)\n    at NativeConnection.openUri (C:\\Users\\salba\\OneDrive\\Escritorio\\Proyecto-BackEnd-I\\node_modules\\mongoose\\lib\\connection.js:860:11)\n    at async connectionDB (file:///C:/Users/salba/OneDrive/Escritorio/Proyecto-BackEnd-I/src/utils/db.js:7:9)","timestamp":"2024-12-09T16:03:15.983Z"}
{"level":"error","message":{"details":"Operation `productos.countDocuments()` buffering timed out after 10000ms","error":"Error al obtener los productos"},"timestamp":"2024-12-09T16:38:46.700Z"}
{"level":"error","message":"Error al conectar con la base de datos: connect ECONNREFUSED 192.168.1.6:27017","reason":{"commonWireVersion":0,"compatible":true,"heartbeatFrequencyMS":10000,"localThresholdMS":15,"logicalSessionTimeoutMinutes":null,"maxElectionId":null,"maxSetVersion":null,"servers":{"host.docker.internal:27017":{"$clusterTime":null,"address":"host.docker.internal:27017","arbiters":[],"electionId":null,"error":{},"hosts":[],"lastUpdateTime":56267219,"lastWriteDate":0,"logicalSessionTimeoutMinutes":null,"maxBsonObjectSize":null,"maxMessageSizeBytes":null,"maxWireVersion":0,"maxWriteBatchSize":null,"me":null,"minRoundTripTime":0,"minWireVersion":0,"passives":[],"primary":null,"roundTripTime":-1,"setName":null,"setVersion":null,"tags":{},"topologyVersion":null,"type":"Unknown"}},"setName":null,"stale":false,"type":"Unknown"},"stack":"MongooseServerSelectionError: connect ECONNREFUSED 192.168.1.6:27017\n    at _handleConnectionErrors (C:\\Users\\salba\\OneDrive\\Escritorio\\Proyecto-BackEnd-I\\node_modules\\mongoose\\lib\\connection.js:909:11)\n    at NativeConnection.openUri (C:\\Users\\salba\\OneDrive\\Escritorio\\Proyecto-BackEnd-I\\node_modules\\mongoose\\lib\\connection.js:860:11)\n    at async connectionDB (file:///C:/Users/salba/OneDrive/Escritorio/Proyecto-BackEnd-I/src/utils/db.js:7:9)","timestamp":"2024-12-09T16:39:01.782Z"}
